<!DOCTYPE html PUBLIC "-//W3C//DTD XHTML 1.1//EN" "http://www.w3.org/TR/xhtml11/DTD/xhtml11.dtd">
<html xmlns="http://www.w3.org/1999/xhtml"><head><title>TestNG Report</title><style type="text/css">table {margin-bottom:10px;border-collapse:collapse;empty-cells:show}th,td {border:1px solid #009;padding:.25em .5em}th {vertical-align:bottom}td {vertical-align:top}table a {font-weight:bold}.stripe td {background-color: #E6EBF9}.num {text-align:right}.passedodd td {background-color: #3F3}.passedeven td {background-color: #0A0}.skippedodd td {background-color: #DDD}.skippedeven td {background-color: #CCC}.failedodd td,.attn {background-color: #F33}.failedeven td,.stripe .attn {background-color: #D00}.stacktrace {white-space:pre;font-family:monospace}.totop {font-size:85%;text-align:center;border-bottom:2px solid #000}</style></head><body><table><tr><th>Test</th><th># Passed</th><th># Skipped</th><th># Failed</th><th>Time (ms)</th><th>Included Groups</th><th>Excluded Groups</th></tr><tr><th colspan="7">Suite</th></tr><tr><td><a href="#t0">test1</a></td><td class="num">1</td><td class="num">0</td><td class="num attn">1</td><td class="num">690</td><td></td><td></td></tr></table><table><thead><tr><th>Class</th><th>Method</th><th>Start</th><th>Time (ms)</th></tr></thead><tbody><tr><th colspan="4">Suite</th></tr></tbody><tbody id="t0"><tr><th colspan="4">test1 &#8212; failed (configuration methods)</th></tr><tr class="failedeven"><td rowspan="1">com.mock.example.service.testngimpl.test1.TestNgMysql</td><td><a href="#m0">afterSuite</a></td><td rowspan="1">1604121793056</td><td rowspan="1">0</td></tr><tr><th colspan="4">test1 &#8212; failed</th></tr><tr class="failedeven"><td rowspan="1">com.mock.example.service.testngimpl.test1.TestNgMysql</td><td><a href="#m1">test1</a></td><td rowspan="1">1604121792275</td><td rowspan="1">592</td></tr><tr><th colspan="4">test1 &#8212; passed</th></tr><tr class="passedeven"><td rowspan="1">com.mock.example.service.testngimpl.test1.TestNgMysql</td><td><a href="#m2">testLambda</a></td><td rowspan="1">1604121792918</td><td rowspan="1">9</td></tr></tbody></table><h2>test1</h2><h3 id="m0">com.mock.example.service.testngimpl.test1.TestNgMysql#afterSuite</h3><table class="result"><tr><th>Exception</th></tr><tr><td><div class="stacktrace">java.lang.ExceptionInInitializerError
	at com.mock.constant.teseng.BaseTestNg.afterSuite(BaseTestNg.java:21)
Caused by: java.lang.RuntimeException: java.sql.SQLSyntaxErrorException: Unknown database &apos;func1&apos;
	at com.mock.utils.forcheck.mysqlutils.MysqlUtils.getConnection(MysqlUtils.java:85)
	at com.mock.utils.forcheck.mysqlutils.MysqlUtils.&lt;clinit&gt;(MysqlUtils.java:29)
	... 19 more
Caused by: java.sql.SQLSyntaxErrorException: Unknown database &apos;func1&apos;
	at com.mysql.cj.jdbc.exceptions.SQLError.createSQLException(SQLError.java:120)
	at com.mysql.cj.jdbc.exceptions.SQLError.createSQLException(SQLError.java:97)
	at com.mysql.cj.jdbc.exceptions.SQLExceptionsMapping.translateException(SQLExceptionsMapping.java:122)
	at com.mysql.cj.jdbc.ConnectionImpl.createNewIO(ConnectionImpl.java:836)
	at com.mysql.cj.jdbc.ConnectionImpl.&lt;init&gt;(ConnectionImpl.java:456)
	at com.mysql.cj.jdbc.ConnectionImpl.getInstance(ConnectionImpl.java:246)
	at com.mysql.cj.jdbc.NonRegisteringDriver.connect(NonRegisteringDriver.java:197)
	at java.sql.DriverManager.getConnection(DriverManager.java:664)
	at java.sql.DriverManager.getConnection(DriverManager.java:247)
	at com.mock.utils.forcheck.mysqlutils.MysqlUtils.getConnection(MysqlUtils.java:79)
	... 20 more
... Removed 18 stack frames</div></td></tr></table><p class="totop"><a href="#summary">back to summary</a></p><h3 id="m1">com.mock.example.service.testngimpl.test1.TestNgMysql#test1</h3><table class="result"><tr><th>Exception</th></tr><tr><td><div class="stacktrace">java.lang.RuntimeException: Timed out waiting for the codeBlock to not throw throwable!
	at com.mock.constant.teseng.BaseTestNgPrepare.waitForCodeBlockToNotThrowThrowableAndReturnTrue(BaseTestNgPrepare.java:86)
	at com.mock.constant.teseng.BaseTestNgPrepare.waitForCheckoutResult(BaseTestNgPrepare.java:48)
	at com.mock.example.service.testngimpl.test1.TestNgMysql.test1(TestNgMysql.java:15)
Caused by: java.lang.AssertionError: expected [121] but found [12]
	at com.mock.example.service.testngimpl.test1.TestNgMysql.lambda$0(TestNgMysql.java:16)
	at com.mock.constant.teseng.BaseTestNgPrepare.lambda$0(BaseTestNgPrepare.java:49)
	at com.mock.constant.teseng.BaseTestNgPrepare.waitForCodeBlockToNotThrowThrowableAndReturnTrue(BaseTestNgPrepare.java:68)
	... 26 more
... Removed 30 stack frames</div></td></tr></table><p class="totop"><a href="#summary">back to summary</a></p><h3 id="m2">com.mock.example.service.testngimpl.test1.TestNgMysql#testLambda</h3><table class="result"></table><p class="totop"><a href="#summary">back to summary</a></p></body></html>